  [4;36;1mSQL (0.3ms)[0m   [0;1m SELECT name
 FROM sqlite_master
 WHERE type = 'table' AND NOT name = 'sqlite_sequence'
[0m
  [4;35;1mSQL (0.2ms)[0m   [0mselect sqlite_version(*)[0m
  [4;36;1mSQL (525.4ms)[0m   [0;1mCREATE TABLE "schema_migrations" ("version" varchar(255) NOT NULL) [0m
  [4;35;1mSQL (55.1ms)[0m   [0mCREATE UNIQUE INDEX "unique_schema_migrations" ON "schema_migrations" ("version")[0m
  [4;36;1mSQL (0.3ms)[0m   [0;1m SELECT name
 FROM sqlite_master
 WHERE type = 'table' AND NOT name = 'sqlite_sequence'
[0m
  [4;35;1mSQL (0.2ms)[0m   [0mSELECT version FROM schema_migrations[0m
Migrating to CreateWikis (20091229120912)
  [4;36;1mSQL (0.6ms)[0m   [0;1mCREATE TABLE "wikis" ("id" INTEGER PRIMARY KEY AUTOINCREMENT NOT NULL, "name" varchar(255), "data" text, "created_at" datetime, "updated_at" datetime) [0m
  [4;35;1mSQL (0.2ms)[0m   [0mINSERT INTO schema_migrations (version) VALUES ('20091229120912')[0m
  [4;36;1mSQL (0.3ms)[0m   [0;1m SELECT name
 FROM sqlite_master
 WHERE type = 'table' AND NOT name = 'sqlite_sequence'
[0m
  [4;35;1mSQL (0.2ms)[0m   [0mSELECT version FROM schema_migrations[0m
  [4;36;1mSQL (0.2ms)[0m   [0;1m SELECT name
 FROM sqlite_master
 WHERE type = 'table' AND NOT name = 'sqlite_sequence'
[0m
  [4;35;1mSQL (0.1ms)[0m   [0mPRAGMA index_list("wikis")[0m


Processing ApplicationController#index (for 127.0.0.1 at 2009-12-30 20:14:33) [GET]

ActionController::RoutingError (No route matches "/wiki" with {:method=>:get}):
  passenger (2.2.4) lib/phusion_passenger/rack/request_handler.rb:91:in `process_request'
  passenger (2.2.4) lib/phusion_passenger/abstract_request_handler.rb:206:in `main_loop'
  passenger (2.2.4) lib/phusion_passenger/railz/application_spawner.rb:376:in `start_request_handler'
  passenger (2.2.4) lib/phusion_passenger/railz/application_spawner.rb:334:in `handle_spawn_application'
  passenger (2.2.4) lib/phusion_passenger/utils.rb:182:in `safe_fork'
  passenger (2.2.4) lib/phusion_passenger/railz/application_spawner.rb:332:in `handle_spawn_application'
  passenger (2.2.4) lib/phusion_passenger/abstract_server.rb:351:in `__send__'
  passenger (2.2.4) lib/phusion_passenger/abstract_server.rb:351:in `main_loop'
  passenger (2.2.4) lib/phusion_passenger/abstract_server.rb:195:in `start_synchronously'
  passenger (2.2.4) lib/phusion_passenger/abstract_server.rb:162:in `start'
  passenger (2.2.4) lib/phusion_passenger/railz/application_spawner.rb:213:in `start'
  passenger (2.2.4) lib/phusion_passenger/spawn_manager.rb:261:in `spawn_rails_application'
  passenger (2.2.4) lib/phusion_passenger/abstract_server_collection.rb:126:in `lookup_or_add'
  passenger (2.2.4) lib/phusion_passenger/spawn_manager.rb:255:in `spawn_rails_application'
  passenger (2.2.4) lib/phusion_passenger/abstract_server_collection.rb:80:in `synchronize'
  passenger (2.2.4) lib/phusion_passenger/abstract_server_collection.rb:79:in `synchronize'
  passenger (2.2.4) lib/phusion_passenger/spawn_manager.rb:254:in `spawn_rails_application'
  passenger (2.2.4) lib/phusion_passenger/spawn_manager.rb:153:in `spawn_application'
  passenger (2.2.4) lib/phusion_passenger/spawn_manager.rb:286:in `handle_spawn_application'
  passenger (2.2.4) lib/phusion_passenger/abstract_server.rb:351:in `__send__'
  passenger (2.2.4) lib/phusion_passenger/abstract_server.rb:351:in `main_loop'
  passenger (2.2.4) lib/phusion_passenger/abstract_server.rb:195:in `start_synchronously'

Rendering rescues/layout (not_found)


Processing StaticController#index (for 127.0.0.1 at 2009-12-30 20:16:00) [GET]
Completed in 5ms (View: 1, DB: 0) | 200 OK [http://127.0.0.1/static/]


Processing StaticController#index (for 127.0.0.1 at 2009-12-30 20:26:54) [GET]

ActionView::MissingTemplate (Missing template static/index.erb in view path app/views):
  passenger (2.2.4) lib/phusion_passenger/rack/request_handler.rb:91:in `process_request'
  passenger (2.2.4) lib/phusion_passenger/abstract_request_handler.rb:206:in `main_loop'
  passenger (2.2.4) lib/phusion_passenger/railz/application_spawner.rb:376:in `start_request_handler'
  passenger (2.2.4) lib/phusion_passenger/railz/application_spawner.rb:334:in `handle_spawn_application'
  passenger (2.2.4) lib/phusion_passenger/utils.rb:182:in `safe_fork'
  passenger (2.2.4) lib/phusion_passenger/railz/application_spawner.rb:332:in `handle_spawn_application'
  passenger (2.2.4) lib/phusion_passenger/abstract_server.rb:351:in `__send__'
  passenger (2.2.4) lib/phusion_passenger/abstract_server.rb:351:in `main_loop'
  passenger (2.2.4) lib/phusion_passenger/abstract_server.rb:195:in `start_synchronously'
  passenger (2.2.4) lib/phusion_passenger/abstract_server.rb:162:in `start'
  passenger (2.2.4) lib/phusion_passenger/railz/application_spawner.rb:213:in `start'
  passenger (2.2.4) lib/phusion_passenger/spawn_manager.rb:261:in `spawn_rails_application'
  passenger (2.2.4) lib/phusion_passenger/abstract_server_collection.rb:126:in `lookup_or_add'
  passenger (2.2.4) lib/phusion_passenger/spawn_manager.rb:255:in `spawn_rails_application'
  passenger (2.2.4) lib/phusion_passenger/abstract_server_collection.rb:80:in `synchronize'
  passenger (2.2.4) lib/phusion_passenger/abstract_server_collection.rb:79:in `synchronize'
  passenger (2.2.4) lib/phusion_passenger/spawn_manager.rb:254:in `spawn_rails_application'
  passenger (2.2.4) lib/phusion_passenger/spawn_manager.rb:153:in `spawn_application'
  passenger (2.2.4) lib/phusion_passenger/spawn_manager.rb:286:in `handle_spawn_application'
  passenger (2.2.4) lib/phusion_passenger/abstract_server.rb:351:in `__send__'
  passenger (2.2.4) lib/phusion_passenger/abstract_server.rb:351:in `main_loop'
  passenger (2.2.4) lib/phusion_passenger/abstract_server.rb:195:in `start_synchronously'

Rendering rescues/layout (internal_server_error)


Processing StaticController#index (for 127.0.0.1 at 2009-12-30 20:27:35) [GET]

ActionView::MissingTemplate (Missing template static/index.erb in view path app/views):
  passenger (2.2.4) lib/phusion_passenger/rack/request_handler.rb:91:in `process_request'
  passenger (2.2.4) lib/phusion_passenger/abstract_request_handler.rb:206:in `main_loop'
  passenger (2.2.4) lib/phusion_passenger/railz/application_spawner.rb:376:in `start_request_handler'
  passenger (2.2.4) lib/phusion_passenger/railz/application_spawner.rb:334:in `handle_spawn_application'
  passenger (2.2.4) lib/phusion_passenger/utils.rb:182:in `safe_fork'
  passenger (2.2.4) lib/phusion_passenger/railz/application_spawner.rb:332:in `handle_spawn_application'
  passenger (2.2.4) lib/phusion_passenger/abstract_server.rb:351:in `__send__'
  passenger (2.2.4) lib/phusion_passenger/abstract_server.rb:351:in `main_loop'
  passenger (2.2.4) lib/phusion_passenger/abstract_server.rb:195:in `start_synchronously'
  passenger (2.2.4) lib/phusion_passenger/abstract_server.rb:162:in `start'
  passenger (2.2.4) lib/phusion_passenger/railz/application_spawner.rb:213:in `start'
  passenger (2.2.4) lib/phusion_passenger/spawn_manager.rb:261:in `spawn_rails_application'
  passenger (2.2.4) lib/phusion_passenger/abstract_server_collection.rb:126:in `lookup_or_add'
  passenger (2.2.4) lib/phusion_passenger/spawn_manager.rb:255:in `spawn_rails_application'
  passenger (2.2.4) lib/phusion_passenger/abstract_server_collection.rb:80:in `synchronize'
  passenger (2.2.4) lib/phusion_passenger/abstract_server_collection.rb:79:in `synchronize'
  passenger (2.2.4) lib/phusion_passenger/spawn_manager.rb:254:in `spawn_rails_application'
  passenger (2.2.4) lib/phusion_passenger/spawn_manager.rb:153:in `spawn_application'
  passenger (2.2.4) lib/phusion_passenger/spawn_manager.rb:286:in `handle_spawn_application'
  passenger (2.2.4) lib/phusion_passenger/abstract_server.rb:351:in `__send__'
  passenger (2.2.4) lib/phusion_passenger/abstract_server.rb:351:in `main_loop'
  passenger (2.2.4) lib/phusion_passenger/abstract_server.rb:195:in `start_synchronously'

Rendering rescues/layout (internal_server_error)


Processing StaticController#index (for 127.0.0.1 at 2009-12-30 20:29:01) [GET]

ActionView::MissingTemplate (Missing template static/index.erb in view path app/views):
  passenger (2.2.4) lib/phusion_passenger/rack/request_handler.rb:91:in `process_request'
  passenger (2.2.4) lib/phusion_passenger/abstract_request_handler.rb:206:in `main_loop'
  passenger (2.2.4) lib/phusion_passenger/railz/application_spawner.rb:376:in `start_request_handler'
  passenger (2.2.4) lib/phusion_passenger/railz/application_spawner.rb:334:in `handle_spawn_application'
  passenger (2.2.4) lib/phusion_passenger/utils.rb:182:in `safe_fork'
  passenger (2.2.4) lib/phusion_passenger/railz/application_spawner.rb:332:in `handle_spawn_application'
  passenger (2.2.4) lib/phusion_passenger/abstract_server.rb:351:in `__send__'
  passenger (2.2.4) lib/phusion_passenger/abstract_server.rb:351:in `main_loop'
  passenger (2.2.4) lib/phusion_passenger/abstract_server.rb:195:in `start_synchronously'
  passenger (2.2.4) lib/phusion_passenger/abstract_server.rb:162:in `start'
  passenger (2.2.4) lib/phusion_passenger/railz/application_spawner.rb:213:in `start'
  passenger (2.2.4) lib/phusion_passenger/spawn_manager.rb:261:in `spawn_rails_application'
  passenger (2.2.4) lib/phusion_passenger/abstract_server_collection.rb:126:in `lookup_or_add'
  passenger (2.2.4) lib/phusion_passenger/spawn_manager.rb:255:in `spawn_rails_application'
  passenger (2.2.4) lib/phusion_passenger/abstract_server_collection.rb:80:in `synchronize'
  passenger (2.2.4) lib/phusion_passenger/abstract_server_collection.rb:79:in `synchronize'
  passenger (2.2.4) lib/phusion_passenger/spawn_manager.rb:254:in `spawn_rails_application'
  passenger (2.2.4) lib/phusion_passenger/spawn_manager.rb:153:in `spawn_application'
  passenger (2.2.4) lib/phusion_passenger/spawn_manager.rb:286:in `handle_spawn_application'
  passenger (2.2.4) lib/phusion_passenger/abstract_server.rb:351:in `__send__'
  passenger (2.2.4) lib/phusion_passenger/abstract_server.rb:351:in `main_loop'
  passenger (2.2.4) lib/phusion_passenger/abstract_server.rb:195:in `start_synchronously'

Rendering rescues/layout (internal_server_error)


Processing StaticController#index (for 127.0.0.1 at 2009-12-30 20:30:29) [GET]

ActionView::MissingTemplate (Missing template static/index.erb in view path app/views):
  passenger (2.2.4) lib/phusion_passenger/rack/request_handler.rb:91:in `process_request'
  passenger (2.2.4) lib/phusion_passenger/abstract_request_handler.rb:206:in `main_loop'
  passenger (2.2.4) lib/phusion_passenger/railz/application_spawner.rb:376:in `start_request_handler'
  passenger (2.2.4) lib/phusion_passenger/railz/application_spawner.rb:334:in `handle_spawn_application'
  passenger (2.2.4) lib/phusion_passenger/utils.rb:182:in `safe_fork'
  passenger (2.2.4) lib/phusion_passenger/railz/application_spawner.rb:332:in `handle_spawn_application'
  passenger (2.2.4) lib/phusion_passenger/abstract_server.rb:351:in `__send__'
  passenger (2.2.4) lib/phusion_passenger/abstract_server.rb:351:in `main_loop'
  passenger (2.2.4) lib/phusion_passenger/abstract_server.rb:195:in `start_synchronously'
  passenger (2.2.4) lib/phusion_passenger/abstract_server.rb:162:in `start'
  passenger (2.2.4) lib/phusion_passenger/railz/application_spawner.rb:213:in `start'
  passenger (2.2.4) lib/phusion_passenger/spawn_manager.rb:261:in `spawn_rails_application'
  passenger (2.2.4) lib/phusion_passenger/abstract_server_collection.rb:126:in `lookup_or_add'
  passenger (2.2.4) lib/phusion_passenger/spawn_manager.rb:255:in `spawn_rails_application'
  passenger (2.2.4) lib/phusion_passenger/abstract_server_collection.rb:80:in `synchronize'
  passenger (2.2.4) lib/phusion_passenger/abstract_server_collection.rb:79:in `synchronize'
  passenger (2.2.4) lib/phusion_passenger/spawn_manager.rb:254:in `spawn_rails_application'
  passenger (2.2.4) lib/phusion_passenger/spawn_manager.rb:153:in `spawn_application'
  passenger (2.2.4) lib/phusion_passenger/spawn_manager.rb:286:in `handle_spawn_application'
  passenger (2.2.4) lib/phusion_passenger/abstract_server.rb:351:in `__send__'
  passenger (2.2.4) lib/phusion_passenger/abstract_server.rb:351:in `main_loop'
  passenger (2.2.4) lib/phusion_passenger/abstract_server.rb:195:in `start_synchronously'

Rendering rescues/layout (internal_server_error)


Processing StaticController#index (for 127.0.0.1 at 2009-12-30 20:30:54) [GET]
Rendering static/index
Completed in 19ms (View: 15, DB: 0) | 200 OK [http://127.0.0.1/static/]


Processing StaticController#index (for 127.0.0.1 at 2009-12-30 20:31:06) [GET]
Rendering static/index
Completed in 157ms (View: 154, DB: 0) | 200 OK [http://127.0.0.1/static/]


Processing StaticController#index (for 127.0.0.1 at 2009-12-30 20:32:03) [GET]
Rendering static/index
Completed in 8ms (View: 7, DB: 0) | 200 OK [http://127.0.0.1/static/]


Processing StaticController#index (for 127.0.0.1 at 2009-12-30 20:32:16) [GET]
Rendering static/index
Completed in 17ms (View: 14, DB: 0) | 200 OK [http://127.0.0.1/static/]


Processing StaticController#index (for 127.0.0.1 at 2009-12-30 20:32:34) [GET]
Rendering static/index
Completed in 5ms (View: 2, DB: 0) | 200 OK [http://127.0.0.1/static/]


Processing StaticController#index (for 127.0.0.1 at 2009-12-30 20:32:54) [GET]
Rendering static/index
Completed in 5ms (View: 2, DB: 0) | 200 OK [http://127.0.0.1/static/]


Processing StaticController#index (for 127.0.0.1 at 2009-12-30 20:34:56) [GET]
Rendering template within layouts/application
Rendering static/index
Completed in 21ms (View: 18, DB: 0) | 200 OK [http://127.0.0.1/static/]
